[debug] [2022-10-24T06:51:25.951Z] ----------------------------------------------------------------------
[debug] [2022-10-24T06:51:25.952Z] Command:       C:\Program Files\nodejs\node.exe C:\Users\FOYSAL\AppData\Roaming\npm\node_modules\firebase-tools\lib\bin\firebase.js init
[debug] [2022-10-24T06:51:25.952Z] CLI Version:   11.15.0
[debug] [2022-10-24T06:51:25.953Z] Platform:      win32
[debug] [2022-10-24T06:51:25.953Z] Node Version:  v18.11.0
[debug] [2022-10-24T06:51:25.953Z] Time:          Mon Oct 24 2022 12:51:25 GMT+0600 (Bangladesh Standard Time)
[debug] [2022-10-24T06:51:25.953Z] ----------------------------------------------------------------------
[debug] 
[debug] [2022-10-24T06:51:25.956Z] >>> [apiv2][query] GET https://firebase-public.firebaseio.com/cli.json [none]
[debug] [2022-10-24T06:51:26.053Z] > command requires scopes: ["email","openid","https://www.googleapis.com/auth/cloudplatformprojects.readonly","https://www.googleapis.com/auth/firebase","https://www.googleapis.com/auth/cloud-platform"]
[debug] [2022-10-24T06:51:26.054Z] > authorizing via signed-in user (f4faysals@gmail.com)
[info] 
     ######## #### ########  ######## ########     ###     ######  ########
     ##        ##  ##     ## ##       ##     ##  ##   ##  ##       ##
     ######    ##  ########  ######   ########  #########  ######  ######
     ##        ##  ##    ##  ##       ##     ## ##     ##       ## ##
     ##       #### ##     ## ######## ########  ##     ##  ######  ########

You're about to initialize a Firebase project in this directory:

  C:\Users\FOYSAL\Projact\dragon-news-client-module-62

Before we get started, keep in mind:

  * You are initializing within an existing Firebase project directory

[debug] [2022-10-24T06:51:26.845Z] <<< [apiv2][status] GET https://firebase-public.firebaseio.com/cli.json 200
[debug] [2022-10-24T06:51:26.845Z] <<< [apiv2][body] GET https://firebase-public.firebaseio.com/cli.json {"cloudBuildErrorAfter":1594252800000,"cloudBuildWarnAfter":1590019200000,"defaultNode10After":1594252800000,"minVersion":"3.0.5","node8DeploysDisabledAfter":1613390400000,"node8RuntimeDisabledAfter":1615809600000,"node8WarnAfter":1600128000000}
[info] 
=== Project Setup
[info] 
[info] First, let's associate this project directory with a Firebase project.
[info] You can create multiple project aliases by running firebase use --add, 
[info] but for now we'll just set up a default project.
[info] 
[debug] [2022-10-24T06:51:36.810Z] Using project from CLI flag: dragon-news
[debug] [2022-10-24T06:51:36.810Z] > refreshing access token with scopes: []
[debug] [2022-10-24T06:51:36.811Z] >>> [apiv2][query] POST https://www.googleapis.com/oauth2/v3/token [none]
[debug] [2022-10-24T06:51:36.811Z] >>> [apiv2][body] POST https://www.googleapis.com/oauth2/v3/token [omitted]
[debug] [2022-10-24T06:51:37.915Z] <<< [apiv2][status] POST https://www.googleapis.com/oauth2/v3/token 200
[debug] [2022-10-24T06:51:37.915Z] <<< [apiv2][body] POST https://www.googleapis.com/oauth2/v3/token [omitted]
[debug] [2022-10-24T06:51:37.927Z] >>> [apiv2][query] GET https://firebase.googleapis.com/v1beta1/projects/dragon-news [none]
[debug] [2022-10-24T06:51:38.817Z] <<< [apiv2][status] GET https://firebase.googleapis.com/v1beta1/projects/dragon-news 403
[debug] [2022-10-24T06:51:38.817Z] <<< [apiv2][body] GET https://firebase.googleapis.com/v1beta1/projects/dragon-news {"error":{"code":403,"message":"The caller does not have permission","status":"PERMISSION_DENIED"}}
[debug] [2022-10-24T06:51:38.817Z] HTTP Error: 403, The caller does not have permission
[debug] [2022-10-24T06:51:39.359Z] FirebaseError: HTTP Error: 403, The caller does not have permission
    at responseToError (C:\Users\FOYSAL\AppData\Roaming\npm\node_modules\firebase-tools\lib\responseToError.js:49:12)
    at RetryOperation._fn (C:\Users\FOYSAL\AppData\Roaming\npm\node_modules\firebase-tools\lib\apiv2.js:288:77)
    at process.processTicksAndRejections (node:internal/process/task_queues:95:5)
[error] 
[error] Error: Failed to get Firebase project dragon-news. Please make sure the project exists and your account has permission to access it.
